<?xml version="1.0" encoding="UTF-8"?>
<!-- Generated by org.testng.reporters.JUnitReportReporter -->
<testsuite skipped="0" hostname="DESKTOP-UEHQM53" name="com.Demo.Test.TC_LoginTest" tests="1" failures="0" timestamp="28 Dec 2020 10:12:53 GMT" time="11.363" errors="0">
  <testcase name="loginTest" time="11.363" classname="com.Demo.Test.TC_LoginTest"/>
</testsuite> <!-- com.Demo.Test.TC_LoginTest -->
